# JRE version: OpenJDK Runtime Environment Corretto-21.0.6.7.1 (21.0.6+7) (build 21.0.6+7-LTS)
# Java VM: OpenJDK 64-Bit Server VM Corretto-21.0.6.7.1 (21.0.6+7-LTS, mixed mode, emulated-client, sharing, tiered, compressed oops, compressed class ptrs, g1 gc, windows-amd64)
GC Precious Log:
 CardTable entry size: 512
 Card Set container configuration: InlinePtr #cards 4 size 8 Array Of Cards #cards 16 size 48 Howl #buckets 8 coarsen threshold 3686 Howl Bitmap #cards 512 size 80 coarsen threshold 460 Card regions per heap region 1 cards per card region 4096
 CPUs: 20 total, 20 available
 Memory: 16088M
 Large Page Support: Disabled
 NUMA Support: Disabled
 Compressed Oops: Enabled (Zero based)
 Heap Region Size: 2M
 Heap Min Capacity: 8M
 Heap Initial Capacity: 252M
 Heap Max Capacity: 4024M
 Pre-touch: Disabled
 Parallel Workers: 15
 Concurrent Workers: 4
 Concurrent Refinement Workers: 15
 Periodic GC: Disabled
Heap:
 garbage-first heap   total 40960K, used 13013K [0x0000000704800000, 0x0000000800000000)
  region size 2048K, 2 young (4096K), 2 survivors (4096K)
 Metaspace       used 21148K, committed 21504K, reserved 1114112K
  class space    used 2878K, committed 3008K, reserved 1048576K
GC Heap History (11 events):
Event: 0.379 GC heap before
{Heap before GC invocations=0 (full 0):
 garbage-first heap   total 258048K, used 20480K [0x0000000704800000, 0x0000000800000000)
  region size 2048K, 11 young (22528K), 0 survivors (0K)
 Metaspace       used 5052K, committed 5248K, reserved 1114112K
  class space    used 666K, committed 768K, reserved 1048576K
}
Event: 0.382 GC heap after
{Heap after GC invocations=1 (full 0):
 garbage-first heap   total 258048K, used 5089K [0x0000000704800000, 0x0000000800000000)
  region size 2048K, 2 young (4096K), 2 survivors (4096K)
 Metaspace       used 5052K, committed 5248K, reserved 1114112K
  class space    used 666K, committed 768K, reserved 1048576K
}
Event: 0.631 GC heap before
{Heap before GC invocations=1 (full 0):
 garbage-first heap   total 258048K, used 25569K [0x0000000704800000, 0x0000000800000000)
  region size 2048K, 14 young (28672K), 2 survivors (4096K)
 Metaspace       used 9969K, committed 10304K, reserved 1114112K
  class space    used 1331K, committed 1472K, reserved 1048576K
}
Event: 0.635 GC heap after
{Heap after GC invocations=2 (full 0):
 garbage-first heap   total 258048K, used 7080K [0x0000000704800000, 0x0000000800000000)
  region size 2048K, 2 young (4096K), 2 survivors (4096K)
 Metaspace       used 9969K, committed 10304K, reserved 1114112K
  class space    used 1331K, committed 1472K, reserved 1048576K
}
Event: 0.841 GC heap before
{Heap before GC invocations=3 (full 0):
 garbage-first heap   total 34816K, used 29608K [0x0000000704800000, 0x0000000800000000)
  region size 2048K, 14 young (28672K), 2 survivors (4096K)
 Metaspace       used 15564K, committed 15872K, reserved 1114112K
  class space    used 2088K, committed 2240K, reserved 1048576K
}
Event: 0.845 GC heap after
{Heap after GC invocations=4 (full 0):
 garbage-first heap   total 40960K, used 9445K [0x0000000704800000, 0x0000000800000000)
  region size 2048K, 3 young (6144K), 3 survivors (6144K)
 Metaspace       used 15564K, committed 15872K, reserved 1114112K
  class space    used 2088K, committed 2240K, reserved 1048576K
}
Event: 1.024 GC heap before
{Heap before GC invocations=4 (full 0):
 garbage-first heap   total 40960K, used 25829K [0x0000000704800000, 0x0000000800000000)
  region size 2048K, 11 young (22528K), 3 survivors (6144K)
 Metaspace       used 16220K, committed 16576K, reserved 1114112K
  class space    used 2204K, committed 2368K, reserved 1048576K
}
Event: 1.027 GC heap after
{Heap after GC invocations=5 (full 0):
 garbage-first heap   total 40960K, used 10207K [0x0000000704800000, 0x0000000800000000)
  region size 2048K, 1 young (2048K), 1 survivors (2048K)
 Metaspace       used 16220K, committed 16576K, reserved 1114112K
  class space    used 2204K, committed 2368K, reserved 1048576K
}
Event: 1.241 GC heap before
{Heap before GC invocations=5 (full 0):
 garbage-first heap   total 40960K, used 28639K [0x0000000704800000, 0x0000000800000000)
  region size 2048K, 10 young (20480K), 1 survivors (2048K)
 Metaspace       used 19212K, committed 19584K, reserved 1114112K
  class space    used 2592K, committed 2752K, reserved 1048576K
}
Event: 1.244 GC heap after
{Heap after GC invocations=6 (full 0):
 garbage-first heap   total 40960K, used 11898K [0x0000000704800000, 0x0000000800000000)
  region size 2048K, 2 young (4096K), 2 survivors (4096K)
 Metaspace       used 19212K, committed 19584K, reserved 1114112K
  class space    used 2592K, committed 2752K, reserved 1048576K
}
Event: 1.369 GC heap before
{Heap before GC invocations=6 (full 0):
 garbage-first heap   total 40960K, used 22138K [0x0000000704800000, 0x0000000800000000)
  region size 2048K, 8 young (16384K), 2 survivors (4096K)
 Metaspace       used 21148K, committed 21504K, reserved 1114112K
  class space    used 2878K, committed 3008K, reserved 1048576K
}

